{"/Users/prancky/Downloads/freight-hub-app/src/App.js": {"path":"/Users/prancky/Downloads/freight-hub-app/src/App.js","statementMap":{"0":{"start":{"line":9,"column":2},"end":{"line":29,"column":4}}},"fnMap":{"0":{"name":"App","decl":{"start":{"line":8,"column":9},"end":{"line":8,"column":12}},"loc":{"start":{"line":8,"column":15},"end":{"line":30,"column":1}},"line":8}},"branchMap":{},"s":{"0":1},"f":{"0":1},"b":{},"_coverageSchema":"43e27e138ebf9cfc5966b082cf9a028302ed4184","hash":"d8a3dec7661f04c27869b064af7864762ea538ea"}
,"/Users/prancky/Downloads/freight-hub-app/src/root.js": {"path":"/Users/prancky/Downloads/freight-hub-app/src/root.js","statementMap":{"0":{"start":{"line":8,"column":2},"end":{"line":12,"column":16}}},"fnMap":{"0":{"name":"(anonymous_0)","decl":{"start":{"line":7,"column":15},"end":{"line":7,"column":16}},"loc":{"start":{"line":7,"column":33},"end":{"line":13,"column":1}},"line":7}},"branchMap":{},"s":{"0":0},"f":{"0":0},"b":{},"hash":"1bff8a143b73bb9da4afa35efbefafdb956122ba"}
,"/Users/prancky/Downloads/freight-hub-app/src/component/reusable/banner/index.js": {"path":"/Users/prancky/Downloads/freight-hub-app/src/component/reusable/banner/index.js","statementMap":{"0":{"start":{"line":5,"column":2},"end":{"line":9,"column":4}}},"fnMap":{"0":{"name":"banner","decl":{"start":{"line":4,"column":9},"end":{"line":4,"column":15}},"loc":{"start":{"line":4,"column":27},"end":{"line":10,"column":1}},"line":4}},"branchMap":{},"s":{"0":0},"f":{"0":0},"b":{},"_coverageSchema":"43e27e138ebf9cfc5966b082cf9a028302ed4184","hash":"942458d57fba58c2fbad53516ce8bbad8f6a7f39"}
,"/Users/prancky/Downloads/freight-hub-app/src/component/reusable/containerLayout/index.js": {"path":"/Users/prancky/Downloads/freight-hub-app/src/component/reusable/containerLayout/index.js","statementMap":{"0":{"start":{"line":6,"column":2},"end":{"line":11,"column":4}}},"fnMap":{"0":{"name":"ContainerLayout","decl":{"start":{"line":5,"column":24},"end":{"line":5,"column":39}},"loc":{"start":{"line":5,"column":65},"end":{"line":12,"column":1}},"line":5}},"branchMap":{"0":{"loc":{"start":{"line":7,"column":25},"end":{"line":7,"column":53}},"type":"cond-expr","locations":[{"start":{"line":7,"column":37},"end":{"line":7,"column":46}},{"start":{"line":7,"column":49},"end":{"line":7,"column":53}}],"line":7}},"s":{"0":0},"f":{"0":0},"b":{"0":[0,0]},"_coverageSchema":"43e27e138ebf9cfc5966b082cf9a028302ed4184","hash":"3b30ef795fa1020b75c5aa08639f1328c78f92fd"}
,"/Users/prancky/Downloads/freight-hub-app/src/component/reusable/detailsView/index.js": {"path":"/Users/prancky/Downloads/freight-hub-app/src/component/reusable/detailsView/index.js","statementMap":{"0":{"start":{"line":11,"column":18},"end":{"line":22,"column":3}},"1":{"start":{"line":11,"column":39},"end":{"line":22,"column":1}},"2":{"start":{"line":27,"column":18},"end":{"line":27,"column":29}},"3":{"start":{"line":28,"column":40},"end":{"line":28,"column":60}},"4":{"start":{"line":29,"column":40},"end":{"line":29,"column":65}},"5":{"start":{"line":33,"column":18},"end":{"line":78,"column":3}},"6":{"start":{"line":34,"column":4},"end":{"line":77,"column":6}},"7":{"start":{"line":35,"column":6},"end":{"line":76,"column":8}},"8":{"start":{"line":80,"column":20},"end":{"line":93,"column":3}},"9":{"start":{"line":81,"column":4},"end":{"line":92,"column":6}},"10":{"start":{"line":82,"column":6},"end":{"line":91,"column":8}},"11":{"start":{"line":95,"column":2},"end":{"line":258,"column":4}},"12":{"start":{"line":150,"column":18},"end":{"line":150,"column":48}},"13":{"start":{"line":164,"column":28},"end":{"line":167,"column":19}},"14":{"start":{"line":168,"column":18},"end":{"line":168,"column":41}}},"fnMap":{"0":{"name":"(anonymous_0)","decl":{"start":{"line":11,"column":29},"end":{"line":11,"column":30}},"loc":{"start":{"line":11,"column":39},"end":{"line":22,"column":1}},"line":11},"1":{"name":"DetailsView","decl":{"start":{"line":26,"column":9},"end":{"line":26,"column":20}},"loc":{"start":{"line":26,"column":28},"end":{"line":259,"column":1}},"line":26},"2":{"name":"(anonymous_2)","decl":{"start":{"line":33,"column":18},"end":{"line":33,"column":19}},"loc":{"start":{"line":33,"column":26},"end":{"line":78,"column":3}},"line":33},"3":{"name":"(anonymous_3)","decl":{"start":{"line":34,"column":20},"end":{"line":34,"column":21}},"loc":{"start":{"line":34,"column":34},"end":{"line":77,"column":5}},"line":34},"4":{"name":"(anonymous_4)","decl":{"start":{"line":80,"column":20},"end":{"line":80,"column":21}},"loc":{"start":{"line":80,"column":28},"end":{"line":93,"column":3}},"line":80},"5":{"name":"(anonymous_5)","decl":{"start":{"line":81,"column":20},"end":{"line":81,"column":21}},"loc":{"start":{"line":81,"column":36},"end":{"line":92,"column":5}},"line":81},"6":{"name":"(anonymous_6)","decl":{"start":{"line":149,"column":26},"end":{"line":149,"column":27}},"loc":{"start":{"line":149,"column":31},"end":{"line":152,"column":17}},"line":149},"7":{"name":"(anonymous_7)","decl":{"start":{"line":163,"column":25},"end":{"line":163,"column":26}},"loc":{"start":{"line":163,"column":29},"end":{"line":169,"column":17}},"line":163}},"branchMap":{"0":{"loc":{"start":{"line":249,"column":11},"end":{"line":249,"column":92}},"type":"binary-expr","locations":[{"start":{"line":249,"column":11},"end":{"line":249,"column":28}},{"start":{"line":249,"column":32},"end":{"line":249,"column":60}},{"start":{"line":249,"column":64},"end":{"line":249,"column":92}}],"line":249},"1":{"loc":{"start":{"line":253,"column":11},"end":{"line":253,"column":103}},"type":"binary-expr","locations":[{"start":{"line":253,"column":11},"end":{"line":253,"column":31}},{"start":{"line":253,"column":35},"end":{"line":253,"column":66}},{"start":{"line":253,"column":70},"end":{"line":253,"column":103}}],"line":253}},"s":{"0":3,"1":0,"2":0,"3":0,"4":0,"5":0,"6":0,"7":0,"8":0,"9":0,"10":0,"11":0,"12":0,"13":0,"14":0},"f":{"0":0,"1":0,"2":0,"3":0,"4":0,"5":0,"6":0,"7":0},"b":{"0":[0,0,0],"1":[0,0,0]},"_coverageSchema":"43e27e138ebf9cfc5966b082cf9a028302ed4184","hash":"e1803c8a8ef71d7f64097bb513acfff6e97e9009"}
,"/Users/prancky/Downloads/freight-hub-app/src/component/reusable/filters/index.js": {"path":"/Users/prancky/Downloads/freight-hub-app/src/component/reusable/filters/index.js","statementMap":{"0":{"start":{"line":8,"column":18},"end":{"line":15,"column":3}},"1":{"start":{"line":8,"column":39},"end":{"line":15,"column":1}},"2":{"start":{"line":17,"column":21},"end":{"line":45,"column":1}},"3":{"start":{"line":18,"column":18},"end":{"line":18,"column":29}},"4":{"start":{"line":20,"column":2},"end":{"line":44,"column":4}},"5":{"start":{"line":37,"column":16},"end":{"line":37,"column":55}}},"fnMap":{"0":{"name":"(anonymous_0)","decl":{"start":{"line":8,"column":29},"end":{"line":8,"column":30}},"loc":{"start":{"line":8,"column":39},"end":{"line":15,"column":1}},"line":8},"1":{"name":"(anonymous_1)","decl":{"start":{"line":17,"column":21},"end":{"line":17,"column":22}},"loc":{"start":{"line":17,"column":30},"end":{"line":45,"column":1}},"line":17},"2":{"name":"(anonymous_2)","decl":{"start":{"line":36,"column":24},"end":{"line":36,"column":25}},"loc":{"start":{"line":36,"column":33},"end":{"line":38,"column":15}},"line":36}},"branchMap":{},"s":{"0":3,"1":0,"2":3,"3":0,"4":0,"5":0},"f":{"0":0,"1":0,"2":0},"b":{},"_coverageSchema":"43e27e138ebf9cfc5966b082cf9a028302ed4184","hash":"9be7798de2b12ef5e08fa3690925af5cf945ff9f"}
,"/Users/prancky/Downloads/freight-hub-app/src/component/reusable/freightTable/index.js": {"path":"/Users/prancky/Downloads/freight-hub-app/src/component/reusable/freightTable/index.js","statementMap":{"0":{"start":{"line":19,"column":16},"end":{"line":36,"column":1}},"1":{"start":{"line":38,"column":18},"end":{"line":60,"column":2}},"2":{"start":{"line":63,"column":2},"end":{"line":65,"column":3}},"3":{"start":{"line":64,"column":4},"end":{"line":64,"column":14}},"4":{"start":{"line":66,"column":2},"end":{"line":68,"column":3}},"5":{"start":{"line":67,"column":4},"end":{"line":67,"column":13}},"6":{"start":{"line":69,"column":2},"end":{"line":69,"column":11}},"7":{"start":{"line":73,"column":2},"end":{"line":75,"column":53}},"8":{"start":{"line":74,"column":16},"end":{"line":74,"column":51}},"9":{"start":{"line":75,"column":16},"end":{"line":75,"column":52}},"10":{"start":{"line":79,"column":25},"end":{"line":79,"column":62}},"11":{"start":{"line":79,"column":50},"end":{"line":79,"column":61}},"12":{"start":{"line":80,"column":2},"end":{"line":84,"column":5}},"13":{"start":{"line":81,"column":18},"end":{"line":81,"column":40}},"14":{"start":{"line":82,"column":4},"end":{"line":82,"column":34}},"15":{"start":{"line":82,"column":21},"end":{"line":82,"column":34}},"16":{"start":{"line":83,"column":4},"end":{"line":83,"column":23}},"17":{"start":{"line":85,"column":2},"end":{"line":85,"column":41}},"18":{"start":{"line":85,"column":34},"end":{"line":85,"column":39}},"19":{"start":{"line":89,"column":18},"end":{"line":89,"column":29}},"20":{"start":{"line":90,"column":26},"end":{"line":90,"column":37}},"21":{"start":{"line":91,"column":40},"end":{"line":91,"column":52}},"22":{"start":{"line":92,"column":28},"end":{"line":92,"column":46}},"23":{"start":{"line":93,"column":32},"end":{"line":93,"column":46}},"24":{"start":{"line":94,"column":36},"end":{"line":94,"column":56}},"25":{"start":{"line":95,"column":36},"end":{"line":95,"column":48}},"26":{"start":{"line":97,"column":27},"end":{"line":99,"column":3}},"27":{"start":{"line":98,"column":4},"end":{"line":98,"column":21}},"28":{"start":{"line":101,"column":34},"end":{"line":104,"column":3}},"29":{"start":{"line":102,"column":4},"end":{"line":102,"column":40}},"30":{"start":{"line":103,"column":4},"end":{"line":103,"column":15}},"31":{"start":{"line":106,"column":13},"end":{"line":106,"column":22}},"32":{"start":{"line":108,"column":28},"end":{"line":112,"column":3}},"33":{"start":{"line":109,"column":18},"end":{"line":109,"column":60}},"34":{"start":{"line":110,"column":4},"end":{"line":110,"column":43}},"35":{"start":{"line":111,"column":4},"end":{"line":111,"column":25}},"36":{"start":{"line":114,"column":2},"end":{"line":136,"column":48}},"37":{"start":{"line":115,"column":4},"end":{"line":135,"column":5}},"38":{"start":{"line":116,"column":6},"end":{"line":134,"column":7}},"39":{"start":{"line":117,"column":19},"end":{"line":117,"column":35}},"40":{"start":{"line":118,"column":19},"end":{"line":130,"column":9}},"41":{"start":{"line":121,"column":12},"end":{"line":129,"column":70}},"42":{"start":{"line":132,"column":8},"end":{"line":132,"column":39}},"43":{"start":{"line":133,"column":8},"end":{"line":133,"column":27}},"44":{"start":{"line":137,"column":2},"end":{"line":137,"column":38}},"45":{"start":{"line":139,"column":2},"end":{"line":214,"column":4}},"46":{"start":{"line":146,"column":16},"end":{"line":158,"column":28}},"47":{"start":{"line":166,"column":16},"end":{"line":199,"column":18}},"48":{"start":{"line":169,"column":22},"end":{"line":196,"column":24}}},"fnMap":{"0":{"name":"descendingComparator","decl":{"start":{"line":62,"column":9},"end":{"line":62,"column":29}},"loc":{"start":{"line":62,"column":45},"end":{"line":70,"column":1}},"line":62},"1":{"name":"getComparator","decl":{"start":{"line":72,"column":9},"end":{"line":72,"column":22}},"loc":{"start":{"line":72,"column":39},"end":{"line":76,"column":1}},"line":72},"2":{"name":"(anonymous_2)","decl":{"start":{"line":74,"column":6},"end":{"line":74,"column":7}},"loc":{"start":{"line":74,"column":16},"end":{"line":74,"column":51}},"line":74},"3":{"name":"(anonymous_3)","decl":{"start":{"line":75,"column":6},"end":{"line":75,"column":7}},"loc":{"start":{"line":75,"column":16},"end":{"line":75,"column":52}},"line":75},"4":{"name":"stableSort","decl":{"start":{"line":78,"column":9},"end":{"line":78,"column":19}},"loc":{"start":{"line":78,"column":39},"end":{"line":86,"column":1}},"line":78},"5":{"name":"(anonymous_5)","decl":{"start":{"line":79,"column":35},"end":{"line":79,"column":36}},"loc":{"start":{"line":79,"column":50},"end":{"line":79,"column":61}},"line":79},"6":{"name":"(anonymous_6)","decl":{"start":{"line":80,"column":22},"end":{"line":80,"column":23}},"loc":{"start":{"line":80,"column":32},"end":{"line":84,"column":3}},"line":80},"7":{"name":"(anonymous_7)","decl":{"start":{"line":85,"column":28},"end":{"line":85,"column":29}},"loc":{"start":{"line":85,"column":34},"end":{"line":85,"column":39}},"line":85},"8":{"name":"FlightTable","decl":{"start":{"line":88,"column":9},"end":{"line":88,"column":20}},"loc":{"start":{"line":88,"column":28},"end":{"line":215,"column":1}},"line":88},"9":{"name":"(anonymous_9)","decl":{"start":{"line":97,"column":27},"end":{"line":97,"column":28}},"loc":{"start":{"line":97,"column":47},"end":{"line":99,"column":3}},"line":97},"10":{"name":"(anonymous_10)","decl":{"start":{"line":101,"column":34},"end":{"line":101,"column":35}},"loc":{"start":{"line":101,"column":43},"end":{"line":104,"column":3}},"line":101},"11":{"name":"(anonymous_11)","decl":{"start":{"line":108,"column":28},"end":{"line":108,"column":29}},"loc":{"start":{"line":108,"column":40},"end":{"line":112,"column":3}},"line":108},"12":{"name":"(anonymous_12)","decl":{"start":{"line":114,"column":12},"end":{"line":114,"column":13}},"loc":{"start":{"line":114,"column":18},"end":{"line":136,"column":3}},"line":114},"13":{"name":"(anonymous_13)","decl":{"start":{"line":120,"column":10},"end":{"line":120,"column":11}},"loc":{"start":{"line":121,"column":12},"end":{"line":129,"column":70}},"line":121},"14":{"name":"(anonymous_14)","decl":{"start":{"line":145,"column":27},"end":{"line":145,"column":28}},"loc":{"start":{"line":146,"column":16},"end":{"line":158,"column":28}},"line":146},"15":{"name":"(anonymous_15)","decl":{"start":{"line":165,"column":19},"end":{"line":165,"column":20}},"loc":{"start":{"line":165,"column":31},"end":{"line":200,"column":15}},"line":165},"16":{"name":"(anonymous_16)","decl":{"start":{"line":168,"column":33},"end":{"line":168,"column":34}},"loc":{"start":{"line":168,"column":43},"end":{"line":197,"column":21}},"line":168}},"branchMap":{"0":{"loc":{"start":{"line":63,"column":2},"end":{"line":65,"column":3}},"type":"if","locations":[{"start":{"line":63,"column":2},"end":{"line":65,"column":3}},{"start":{"line":63,"column":2},"end":{"line":65,"column":3}}],"line":63},"1":{"loc":{"start":{"line":66,"column":2},"end":{"line":68,"column":3}},"type":"if","locations":[{"start":{"line":66,"column":2},"end":{"line":68,"column":3}},{"start":{"line":66,"column":2},"end":{"line":68,"column":3}}],"line":66},"2":{"loc":{"start":{"line":73,"column":9},"end":{"line":75,"column":52}},"type":"cond-expr","locations":[{"start":{"line":74,"column":6},"end":{"line":74,"column":51}},{"start":{"line":75,"column":6},"end":{"line":75,"column":52}}],"line":73},"3":{"loc":{"start":{"line":82,"column":4},"end":{"line":82,"column":34}},"type":"if","locations":[{"start":{"line":82,"column":4},"end":{"line":82,"column":34}},{"start":{"line":82,"column":4},"end":{"line":82,"column":34}}],"line":82},"4":{"loc":{"start":{"line":109,"column":18},"end":{"line":109,"column":60}},"type":"binary-expr","locations":[{"start":{"line":109,"column":18},"end":{"line":109,"column":38}},{"start":{"line":109,"column":42},"end":{"line":109,"column":60}}],"line":109},"5":{"loc":{"start":{"line":110,"column":13},"end":{"line":110,"column":41}},"type":"cond-expr","locations":[{"start":{"line":110,"column":21},"end":{"line":110,"column":30}},{"start":{"line":110,"column":33},"end":{"line":110,"column":41}}],"line":110},"6":{"loc":{"start":{"line":115,"column":4},"end":{"line":135,"column":5}},"type":"if","locations":[{"start":{"line":115,"column":4},"end":{"line":135,"column":5}},{"start":{"line":115,"column":4},"end":{"line":135,"column":5}}],"line":115},"7":{"loc":{"start":{"line":115,"column":8},"end":{"line":115,"column":62}},"type":"binary-expr","locations":[{"start":{"line":115,"column":8},"end":{"line":115,"column":24}},{"start":{"line":115,"column":28},"end":{"line":115,"column":62}}],"line":115},"8":{"loc":{"start":{"line":116,"column":6},"end":{"line":134,"column":7}},"type":"if","locations":[{"start":{"line":116,"column":6},"end":{"line":134,"column":7}},{"start":{"line":116,"column":6},"end":{"line":134,"column":7}}],"line":116},"9":{"loc":{"start":{"line":121,"column":12},"end":{"line":129,"column":70}},"type":"binary-expr","locations":[{"start":{"line":121,"column":12},"end":{"line":121,"column":66}},{"start":{"line":122,"column":12},"end":{"line":122,"column":68}},{"start":{"line":123,"column":12},"end":{"line":123,"column":68}},{"start":{"line":124,"column":12},"end":{"line":124,"column":68}},{"start":{"line":125,"column":12},"end":{"line":125,"column":75}},{"start":{"line":126,"column":12},"end":{"line":126,"column":70}},{"start":{"line":127,"column":12},"end":{"line":127,"column":69}},{"start":{"line":128,"column":12},"end":{"line":128,"column":70}},{"start":{"line":129,"column":12},"end":{"line":129,"column":70}}],"line":121},"10":{"loc":{"start":{"line":153,"column":31},"end":{"line":153,"column":71}},"type":"cond-expr","locations":[{"start":{"line":153,"column":55},"end":{"line":153,"column":60}},{"start":{"line":153,"column":63},"end":{"line":153,"column":71}}],"line":153},"11":{"loc":{"start":{"line":171,"column":27},"end":{"line":194,"column":27}},"type":"cond-expr","locations":[{"start":{"line":171,"column":52},"end":{"line":181,"column":39}},{"start":{"line":181,"column":42},"end":{"line":194,"column":27}}],"line":171},"12":{"loc":{"start":{"line":181,"column":42},"end":{"line":194,"column":27}},"type":"cond-expr","locations":[{"start":{"line":182,"column":30},"end":{"line":192,"column":31}},{"start":{"line":193,"column":28},"end":{"line":193,"column":56}}],"line":181},"13":{"loc":{"start":{"line":186,"column":34},"end":{"line":188,"column":49}},"type":"cond-expr","locations":[{"start":{"line":186,"column":64},"end":{"line":186,"column":82}},{"start":{"line":187,"column":34},"end":{"line":188,"column":49}}],"line":186},"14":{"loc":{"start":{"line":187,"column":34},"end":{"line":188,"column":49}},"type":"cond-expr","locations":[{"start":{"line":187,"column":67},"end":{"line":187,"column":88}},{"start":{"line":188,"column":34},"end":{"line":188,"column":49}}],"line":187}},"s":{"0":3,"1":3,"2":0,"3":0,"4":0,"5":0,"6":0,"7":0,"8":0,"9":0,"10":0,"11":0,"12":0,"13":0,"14":0,"15":0,"16":0,"17":0,"18":0,"19":0,"20":0,"21":0,"22":0,"23":0,"24":0,"25":0,"26":0,"27":0,"28":0,"29":0,"30":0,"31":0,"32":0,"33":0,"34":0,"35":0,"36":0,"37":0,"38":0,"39":0,"40":0,"41":0,"42":0,"43":0,"44":0,"45":0,"46":0,"47":0,"48":0},"f":{"0":0,"1":0,"2":0,"3":0,"4":0,"5":0,"6":0,"7":0,"8":0,"9":0,"10":0,"11":0,"12":0,"13":0,"14":0,"15":0,"16":0},"b":{"0":[0,0],"1":[0,0],"2":[0,0],"3":[0,0],"4":[0,0],"5":[0,0],"6":[0,0],"7":[0,0],"8":[0,0],"9":[0,0,0,0,0,0,0,0,0],"10":[0,0],"11":[0,0],"12":[0,0],"13":[0,0],"14":[0,0]},"_coverageSchema":"43e27e138ebf9cfc5966b082cf9a028302ed4184","hash":"9ca4eaa9f81cdb0e52a1751f9d720a915a89b86f"}
,"/Users/prancky/Downloads/freight-hub-app/src/component/reusable/header/index.js": {"path":"/Users/prancky/Downloads/freight-hub-app/src/component/reusable/header/index.js","statementMap":{"0":{"start":{"line":6,"column":2},"end":{"line":15,"column":4}}},"fnMap":{"0":{"name":"Header","decl":{"start":{"line":5,"column":9},"end":{"line":5,"column":15}},"loc":{"start":{"line":5,"column":18},"end":{"line":16,"column":1}},"line":5}},"branchMap":{},"s":{"0":0},"f":{"0":0},"b":{},"_coverageSchema":"43e27e138ebf9cfc5966b082cf9a028302ed4184","hash":"f81cbca84a596f8eda16ccd2b2b8aad6bc979252"}
,"/Users/prancky/Downloads/freight-hub-app/src/containers/detail.js": {"path":"/Users/prancky/Downloads/freight-hub-app/src/containers/detail.js","statementMap":{"0":{"start":{"line":10,"column":15},"end":{"line":44,"column":1}},"1":{"start":{"line":11,"column":24},"end":{"line":11,"column":83}},"2":{"start":{"line":13,"column":21},"end":{"line":19,"column":3}},"3":{"start":{"line":14,"column":24},"end":{"line":14,"column":51}},"4":{"start":{"line":15,"column":21},"end":{"line":15,"column":66}},"5":{"start":{"line":15,"column":49},"end":{"line":15,"column":65}},"6":{"start":{"line":16,"column":4},"end":{"line":16,"column":45}},"7":{"start":{"line":17,"column":4},"end":{"line":17,"column":40}},"8":{"start":{"line":18,"column":4},"end":{"line":18,"column":18}},"9":{"start":{"line":21,"column":23},"end":{"line":23,"column":3}},"10":{"start":{"line":22,"column":4},"end":{"line":22,"column":27}},"11":{"start":{"line":25,"column":2},"end":{"line":43,"column":4}},"12":{"start":{"line":35,"column":16},"end":{"line":35,"column":31}},"13":{"start":{"line":46,"column":24},"end":{"line":48,"column":2}},"14":{"start":{"line":46,"column":43},"end":{"line":48,"column":1}},"15":{"start":{"line":50,"column":27},"end":{"line":52,"column":2}},"16":{"start":{"line":50,"column":40},"end":{"line":52,"column":1}},"17":{"start":{"line":51,"column":29},"end":{"line":51,"column":57}}},"fnMap":{"0":{"name":"(anonymous_0)","decl":{"start":{"line":10,"column":15},"end":{"line":10,"column":16}},"loc":{"start":{"line":10,"column":24},"end":{"line":44,"column":1}},"line":10},"1":{"name":"(anonymous_1)","decl":{"start":{"line":13,"column":21},"end":{"line":13,"column":22}},"loc":{"start":{"line":13,"column":29},"end":{"line":19,"column":3}},"line":13},"2":{"name":"(anonymous_2)","decl":{"start":{"line":15,"column":44},"end":{"line":15,"column":45}},"loc":{"start":{"line":15,"column":49},"end":{"line":15,"column":65}},"line":15},"3":{"name":"(anonymous_3)","decl":{"start":{"line":21,"column":23},"end":{"line":21,"column":24}},"loc":{"start":{"line":21,"column":29},"end":{"line":23,"column":3}},"line":21},"4":{"name":"(anonymous_4)","decl":{"start":{"line":34,"column":23},"end":{"line":34,"column":24}},"loc":{"start":{"line":34,"column":29},"end":{"line":36,"column":15}},"line":34},"5":{"name":"(anonymous_5)","decl":{"start":{"line":46,"column":24},"end":{"line":46,"column":25}},"loc":{"start":{"line":46,"column":43},"end":{"line":48,"column":1}},"line":46},"6":{"name":"(anonymous_6)","decl":{"start":{"line":50,"column":27},"end":{"line":50,"column":28}},"loc":{"start":{"line":50,"column":40},"end":{"line":52,"column":1}},"line":50},"7":{"name":"(anonymous_7)","decl":{"start":{"line":51,"column":19},"end":{"line":51,"column":20}},"loc":{"start":{"line":51,"column":29},"end":{"line":51,"column":57}},"line":51}},"branchMap":{"0":{"loc":{"start":{"line":40,"column":9},"end":{"line":40,"column":82}},"type":"binary-expr","locations":[{"start":{"line":40,"column":9},"end":{"line":40,"column":20}},{"start":{"line":40,"column":24},"end":{"line":40,"column":82}}],"line":40}},"s":{"0":3,"1":0,"2":0,"3":0,"4":0,"5":0,"6":0,"7":0,"8":0,"9":0,"10":0,"11":0,"12":0,"13":3,"14":0,"15":3,"16":0,"17":0},"f":{"0":0,"1":0,"2":0,"3":0,"4":0,"5":0,"6":0,"7":0},"b":{"0":[0,0]},"_coverageSchema":"43e27e138ebf9cfc5966b082cf9a028302ed4184","hash":"8c4c5f7e701280d2b995aafc57a03331988d0c49"}
,"/Users/prancky/Downloads/freight-hub-app/src/containers/home.js": {"path":"/Users/prancky/Downloads/freight-hub-app/src/containers/home.js","statementMap":{"0":{"start":{"line":19,"column":13},"end":{"line":59,"column":1}},"1":{"start":{"line":20,"column":28},"end":{"line":20,"column":43}},"2":{"start":{"line":21,"column":36},"end":{"line":21,"column":48}},"3":{"start":{"line":22,"column":38},"end":{"line":22,"column":52}},"4":{"start":{"line":24,"column":2},"end":{"line":35,"column":32}},"5":{"start":{"line":25,"column":4},"end":{"line":30,"column":5}},"6":{"start":{"line":28,"column":6},"end":{"line":28,"column":21}},"7":{"start":{"line":29,"column":6},"end":{"line":29,"column":24}},"8":{"start":{"line":32,"column":4},"end":{"line":34,"column":5}},"9":{"start":{"line":33,"column":8},"end":{"line":33,"column":50}},"10":{"start":{"line":37,"column":2},"end":{"line":58,"column":4}},"11":{"start":{"line":44,"column":12},"end":{"line":44,"column":28}},"12":{"start":{"line":61,"column":24},"end":{"line":63,"column":2}},"13":{"start":{"line":61,"column":43},"end":{"line":63,"column":1}},"14":{"start":{"line":65,"column":27},"end":{"line":67,"column":2}},"15":{"start":{"line":65,"column":40},"end":{"line":67,"column":1}},"16":{"start":{"line":66,"column":21},"end":{"line":66,"column":42}}},"fnMap":{"0":{"name":"(anonymous_0)","decl":{"start":{"line":19,"column":13},"end":{"line":19,"column":14}},"loc":{"start":{"line":19,"column":22},"end":{"line":59,"column":1}},"line":19},"1":{"name":"(anonymous_1)","decl":{"start":{"line":24,"column":12},"end":{"line":24,"column":13}},"loc":{"start":{"line":24,"column":18},"end":{"line":35,"column":3}},"line":24},"2":{"name":"(anonymous_2)","decl":{"start":{"line":43,"column":24},"end":{"line":43,"column":25}},"loc":{"start":{"line":43,"column":29},"end":{"line":45,"column":11}},"line":43},"3":{"name":"(anonymous_3)","decl":{"start":{"line":61,"column":24},"end":{"line":61,"column":25}},"loc":{"start":{"line":61,"column":43},"end":{"line":63,"column":1}},"line":61},"4":{"name":"(anonymous_4)","decl":{"start":{"line":65,"column":27},"end":{"line":65,"column":28}},"loc":{"start":{"line":65,"column":40},"end":{"line":67,"column":1}},"line":65},"5":{"name":"(anonymous_5)","decl":{"start":{"line":66,"column":15},"end":{"line":66,"column":16}},"loc":{"start":{"line":66,"column":21},"end":{"line":66,"column":42}},"line":66}},"branchMap":{"0":{"loc":{"start":{"line":25,"column":4},"end":{"line":30,"column":5}},"type":"if","locations":[{"start":{"line":25,"column":4},"end":{"line":30,"column":5}},{"start":{"line":25,"column":4},"end":{"line":30,"column":5}}],"line":25},"1":{"loc":{"start":{"line":26,"column":8},"end":{"line":26,"column":84}},"type":"binary-expr","locations":[{"start":{"line":26,"column":8},"end":{"line":26,"column":30}},{"start":{"line":26,"column":34},"end":{"line":26,"column":74}},{"start":{"line":26,"column":78},"end":{"line":26,"column":84}}],"line":26},"2":{"loc":{"start":{"line":32,"column":4},"end":{"line":34,"column":5}},"type":"if","locations":[{"start":{"line":32,"column":4},"end":{"line":34,"column":5}},{"start":{"line":32,"column":4},"end":{"line":34,"column":5}}],"line":32},"3":{"loc":{"start":{"line":47,"column":9},"end":{"line":49,"column":9}},"type":"binary-expr","locations":[{"start":{"line":47,"column":9},"end":{"line":47,"column":18}},{"start":{"line":47,"column":22},"end":{"line":47,"column":42}},{"start":{"line":48,"column":10},"end":{"line":48,"column":65}}],"line":47}},"s":{"0":3,"1":0,"2":0,"3":0,"4":0,"5":0,"6":0,"7":0,"8":0,"9":0,"10":0,"11":0,"12":3,"13":0,"14":3,"15":0,"16":0},"f":{"0":0,"1":0,"2":0,"3":0,"4":0,"5":0},"b":{"0":[0,0],"1":[0,0,0],"2":[0,0],"3":[0,0,0]},"_coverageSchema":"43e27e138ebf9cfc5966b082cf9a028302ed4184","hash":"aa599c6719ab39fa816b258894dc2d36be064095"}
,"/Users/prancky/Downloads/freight-hub-app/src/containers/index.js": {"path":"/Users/prancky/Downloads/freight-hub-app/src/containers/index.js","statementMap":{},"fnMap":{},"branchMap":{},"s":{},"f":{},"b":{},"_coverageSchema":"43e27e138ebf9cfc5966b082cf9a028302ed4184","hash":"11a7e5301729c54eeefcbe57f08203276b32f649"}
,"/Users/prancky/Downloads/freight-hub-app/src/containers/invalid.js": {"path":"/Users/prancky/Downloads/freight-hub-app/src/containers/invalid.js","statementMap":{"0":{"start":{"line":7,"column":16},"end":{"line":21,"column":1}},"1":{"start":{"line":9,"column":2},"end":{"line":20,"column":4}}},"fnMap":{"0":{"name":"(anonymous_0)","decl":{"start":{"line":7,"column":16},"end":{"line":7,"column":17}},"loc":{"start":{"line":7,"column":22},"end":{"line":21,"column":1}},"line":7}},"branchMap":{},"s":{"0":3,"1":1},"f":{"0":1},"b":{},"_coverageSchema":"43e27e138ebf9cfc5966b082cf9a028302ed4184","hash":"f5c0ba3ee233c405db58208fd86e52f9a2003b4d"}
,"/Users/prancky/Downloads/freight-hub-app/src/navigation/routes.js": {"path":"/Users/prancky/Downloads/freight-hub-app/src/navigation/routes.js","statementMap":{"0":{"start":{"line":6,"column":2},"end":{"line":10,"column":11}}},"fnMap":{"0":{"name":"(anonymous_0)","decl":{"start":{"line":5,"column":15},"end":{"line":5,"column":16}},"loc":{"start":{"line":6,"column":2},"end":{"line":10,"column":11}},"line":6}},"branchMap":{},"s":{"0":1},"f":{"0":1},"b":{},"_coverageSchema":"43e27e138ebf9cfc5966b082cf9a028302ed4184","hash":"10a10877493484a8c5074b0902b0cae03692b5ab"}
,"/Users/prancky/Downloads/freight-hub-app/src/redux/action-creator/shipment.js": {"path":"/Users/prancky/Downloads/freight-hub-app/src/redux/action-creator/shipment.js","statementMap":{"0":{"start":{"line":4,"column":25},"end":{"line":13,"column":1}},"1":{"start":{"line":4,"column":31},"end":{"line":13,"column":1}},"2":{"start":{"line":5,"column":2},"end":{"line":11,"column":5}},"3":{"start":{"line":5,"column":36},"end":{"line":5,"column":51}},"4":{"start":{"line":7,"column":4},"end":{"line":7,"column":37}},"5":{"start":{"line":10,"column":4},"end":{"line":10,"column":35}}},"fnMap":{"0":{"name":"(anonymous_0)","decl":{"start":{"line":4,"column":25},"end":{"line":4,"column":26}},"loc":{"start":{"line":4,"column":31},"end":{"line":13,"column":1}},"line":4},"1":{"name":"(anonymous_1)","decl":{"start":{"line":4,"column":31},"end":{"line":4,"column":32}},"loc":{"start":{"line":4,"column":43},"end":{"line":13,"column":1}},"line":4},"2":{"name":"(anonymous_2)","decl":{"start":{"line":5,"column":24},"end":{"line":5,"column":25}},"loc":{"start":{"line":5,"column":36},"end":{"line":5,"column":51}},"line":5},"3":{"name":"(anonymous_3)","decl":{"start":{"line":6,"column":8},"end":{"line":6,"column":9}},"loc":{"start":{"line":6,"column":20},"end":{"line":8,"column":3}},"line":6},"4":{"name":"(anonymous_4)","decl":{"start":{"line":9,"column":9},"end":{"line":9,"column":10}},"loc":{"start":{"line":9,"column":14},"end":{"line":11,"column":3}},"line":9}},"branchMap":{},"s":{"0":4,"1":1,"2":1,"3":1,"4":1,"5":0},"f":{"0":1,"1":1,"2":1,"3":1,"4":0},"b":{},"_coverageSchema":"43e27e138ebf9cfc5966b082cf9a028302ed4184","hash":"efd25267992f2b247f6d6fd34756f64e9048d953"}
,"/Users/prancky/Downloads/freight-hub-app/src/redux/actions/shipmentAction.js": {"path":"/Users/prancky/Downloads/freight-hub-app/src/redux/actions/shipmentAction.js","statementMap":{"0":{"start":{"line":3,"column":28},"end":{"line":5,"column":1}},"1":{"start":{"line":3,"column":39},"end":{"line":5,"column":1}},"2":{"start":{"line":4,"column":4},"end":{"line":4,"column":47}}},"fnMap":{"0":{"name":"(anonymous_0)","decl":{"start":{"line":3,"column":28},"end":{"line":3,"column":29}},"loc":{"start":{"line":3,"column":39},"end":{"line":5,"column":1}},"line":3},"1":{"name":"(anonymous_1)","decl":{"start":{"line":3,"column":39},"end":{"line":3,"column":40}},"loc":{"start":{"line":3,"column":51},"end":{"line":5,"column":1}},"line":3}},"branchMap":{},"s":{"0":6,"1":2,"2":2},"f":{"0":2,"1":2},"b":{},"_coverageSchema":"43e27e138ebf9cfc5966b082cf9a028302ed4184","hash":"2a537f5a2f8240d70c855a625eca8bd5d1eb24a0"}
,"/Users/prancky/Downloads/freight-hub-app/src/redux/api/shipment.js": {"path":"/Users/prancky/Downloads/freight-hub-app/src/redux/api/shipment.js","statementMap":{"0":{"start":{"line":7,"column":32},"end":{"line":16,"column":3}},"1":{"start":{"line":9,"column":4},"end":{"line":15,"column":9}}},"fnMap":{"0":{"name":"(anonymous_0)","decl":{"start":{"line":7,"column":32},"end":{"line":7,"column":33}},"loc":{"start":{"line":7,"column":38},"end":{"line":16,"column":3}},"line":7}},"branchMap":{},"s":{"0":4,"1":1},"f":{"0":1},"b":{},"_coverageSchema":"43e27e138ebf9cfc5966b082cf9a028302ed4184","hash":"2332ee3555d9374c8910f70d5f6af32a7e975162"}
,"/Users/prancky/Downloads/freight-hub-app/src/redux/reducer/index.js": {"path":"/Users/prancky/Downloads/freight-hub-app/src/redux/reducer/index.js","statementMap":{"0":{"start":{"line":5,"column":19},"end":{"line":7,"column":2}},"1":{"start":{"line":9,"column":20},"end":{"line":11,"column":1}},"2":{"start":{"line":10,"column":2},"end":{"line":10,"column":35}}},"fnMap":{"0":{"name":"(anonymous_0)","decl":{"start":{"line":9,"column":20},"end":{"line":9,"column":21}},"loc":{"start":{"line":9,"column":39},"end":{"line":11,"column":1}},"line":9}},"branchMap":{},"s":{"0":1,"1":1,"2":1},"f":{"0":1},"b":{},"_coverageSchema":"43e27e138ebf9cfc5966b082cf9a028302ed4184","hash":"b1eac88a72c488fc399383c0a31b6731c03603b6"}
,"/Users/prancky/Downloads/freight-hub-app/src/redux/reducer/shipmentReducer.js": {"path":"/Users/prancky/Downloads/freight-hub-app/src/redux/reducer/shipmentReducer.js","statementMap":{"0":{"start":{"line":3,"column":21},"end":{"line":5,"column":1}},"1":{"start":{"line":8,"column":2},"end":{"line":13,"column":3}},"2":{"start":{"line":10,"column":6},"end":{"line":10,"column":56}},"3":{"start":{"line":12,"column":6},"end":{"line":12,"column":19}}},"fnMap":{"0":{"name":"(anonymous_0)","decl":{"start":{"line":7,"column":15},"end":{"line":7,"column":16}},"loc":{"start":{"line":7,"column":54},"end":{"line":14,"column":1}},"line":7}},"branchMap":{"0":{"loc":{"start":{"line":7,"column":24},"end":{"line":7,"column":44}},"type":"default-arg","locations":[{"start":{"line":7,"column":32},"end":{"line":7,"column":44}}],"line":7},"1":{"loc":{"start":{"line":8,"column":2},"end":{"line":13,"column":3}},"type":"switch","locations":[{"start":{"line":9,"column":4},"end":{"line":10,"column":56}},{"start":{"line":11,"column":4},"end":{"line":12,"column":19}}],"line":8}},"s":{"0":2,"1":5,"2":1,"3":4},"f":{"0":5},"b":{"0":[5],"1":[1,4]},"_coverageSchema":"43e27e138ebf9cfc5966b082cf9a028302ed4184","hash":"30c0960fcb83e237ebc675b688a5a783f7f9ab81"}
,"/Users/prancky/Downloads/freight-hub-app/src/redux/types/index.js": {"path":"/Users/prancky/Downloads/freight-hub-app/src/redux/types/index.js","statementMap":{"0":{"start":{"line":1,"column":29},"end":{"line":1,"column":44}},"1":{"start":{"line":2,"column":31},"end":{"line":2,"column":48}},"2":{"start":{"line":3,"column":20},"end":{"line":6,"column":1}}},"fnMap":{},"branchMap":{},"s":{"0":8,"1":8,"2":8},"f":{},"b":{},"_coverageSchema":"43e27e138ebf9cfc5966b082cf9a028302ed4184","hash":"ae23ee74c8a84c17166f190d285c23ee9a569fa8"}
}
