TN:
SF:/Users/prancky/Downloads/freight-hub-app/src/App.js
FN:8,App
FNF:1
FNH:1
FNDA:1,App
DA:9,1
LF:1
LH:1
BRF:0
BRH:0
end_of_record
TN:
SF:/Users/prancky/Downloads/freight-hub-app/src/root.js
FN:7,(anonymous_0)
FNF:1
FNH:0
FNDA:0,(anonymous_0)
DA:8,0
LF:1
LH:0
BRF:0
BRH:0
end_of_record
TN:
SF:/Users/prancky/Downloads/freight-hub-app/src/component/reusable/banner/index.js
FN:4,banner
FNF:1
FNH:0
FNDA:0,banner
DA:5,0
LF:1
LH:0
BRF:0
BRH:0
end_of_record
TN:
SF:/Users/prancky/Downloads/freight-hub-app/src/component/reusable/containerLayout/index.js
FN:5,ContainerLayout
FNF:1
FNH:0
FNDA:0,ContainerLayout
DA:6,0
LF:1
LH:0
BRDA:7,0,0,0
BRDA:7,0,1,0
BRF:2
BRH:0
end_of_record
TN:
SF:/Users/prancky/Downloads/freight-hub-app/src/component/reusable/detailsView/index.js
FN:11,(anonymous_0)
FN:26,DetailsView
FN:33,(anonymous_2)
FN:34,(anonymous_3)
FN:80,(anonymous_4)
FN:81,(anonymous_5)
FN:149,(anonymous_6)
FN:163,(anonymous_7)
FNF:8
FNH:0
FNDA:0,(anonymous_0)
FNDA:0,DetailsView
FNDA:0,(anonymous_2)
FNDA:0,(anonymous_3)
FNDA:0,(anonymous_4)
FNDA:0,(anonymous_5)
FNDA:0,(anonymous_6)
FNDA:0,(anonymous_7)
DA:11,3
DA:27,0
DA:28,0
DA:29,0
DA:33,0
DA:34,0
DA:35,0
DA:80,0
DA:81,0
DA:82,0
DA:95,0
DA:150,0
DA:164,0
DA:168,0
LF:14
LH:1
BRDA:249,0,0,0
BRDA:249,0,1,0
BRDA:249,0,2,0
BRDA:253,1,0,0
BRDA:253,1,1,0
BRDA:253,1,2,0
BRF:6
BRH:0
end_of_record
TN:
SF:/Users/prancky/Downloads/freight-hub-app/src/component/reusable/filters/index.js
FN:8,(anonymous_0)
FN:17,(anonymous_1)
FN:36,(anonymous_2)
FNF:3
FNH:0
FNDA:0,(anonymous_0)
FNDA:0,(anonymous_1)
FNDA:0,(anonymous_2)
DA:8,3
DA:17,3
DA:18,0
DA:20,0
DA:37,0
LF:5
LH:2
BRF:0
BRH:0
end_of_record
TN:
SF:/Users/prancky/Downloads/freight-hub-app/src/component/reusable/freightTable/index.js
FN:62,descendingComparator
FN:72,getComparator
FN:74,(anonymous_2)
FN:75,(anonymous_3)
FN:78,stableSort
FN:79,(anonymous_5)
FN:80,(anonymous_6)
FN:85,(anonymous_7)
FN:88,FlightTable
FN:97,(anonymous_9)
FN:101,(anonymous_10)
FN:108,(anonymous_11)
FN:114,(anonymous_12)
FN:120,(anonymous_13)
FN:145,(anonymous_14)
FN:165,(anonymous_15)
FN:168,(anonymous_16)
FNF:17
FNH:0
FNDA:0,descendingComparator
FNDA:0,getComparator
FNDA:0,(anonymous_2)
FNDA:0,(anonymous_3)
FNDA:0,stableSort
FNDA:0,(anonymous_5)
FNDA:0,(anonymous_6)
FNDA:0,(anonymous_7)
FNDA:0,FlightTable
FNDA:0,(anonymous_9)
FNDA:0,(anonymous_10)
FNDA:0,(anonymous_11)
FNDA:0,(anonymous_12)
FNDA:0,(anonymous_13)
FNDA:0,(anonymous_14)
FNDA:0,(anonymous_15)
FNDA:0,(anonymous_16)
DA:19,3
DA:38,3
DA:63,0
DA:64,0
DA:66,0
DA:67,0
DA:69,0
DA:73,0
DA:74,0
DA:75,0
DA:79,0
DA:80,0
DA:81,0
DA:82,0
DA:83,0
DA:85,0
DA:89,0
DA:90,0
DA:91,0
DA:92,0
DA:93,0
DA:94,0
DA:95,0
DA:97,0
DA:98,0
DA:101,0
DA:102,0
DA:103,0
DA:106,0
DA:108,0
DA:109,0
DA:110,0
DA:111,0
DA:114,0
DA:115,0
DA:116,0
DA:117,0
DA:118,0
DA:121,0
DA:132,0
DA:133,0
DA:137,0
DA:139,0
DA:146,0
DA:166,0
DA:169,0
LF:46
LH:2
BRDA:63,0,0,0
BRDA:63,0,1,0
BRDA:66,1,0,0
BRDA:66,1,1,0
BRDA:73,2,0,0
BRDA:73,2,1,0
BRDA:82,3,0,0
BRDA:82,3,1,0
BRDA:109,4,0,0
BRDA:109,4,1,0
BRDA:110,5,0,0
BRDA:110,5,1,0
BRDA:115,6,0,0
BRDA:115,6,1,0
BRDA:115,7,0,0
BRDA:115,7,1,0
BRDA:116,8,0,0
BRDA:116,8,1,0
BRDA:121,9,0,0
BRDA:121,9,1,0
BRDA:121,9,2,0
BRDA:121,9,3,0
BRDA:121,9,4,0
BRDA:121,9,5,0
BRDA:121,9,6,0
BRDA:121,9,7,0
BRDA:121,9,8,0
BRDA:153,10,0,0
BRDA:153,10,1,0
BRDA:171,11,0,0
BRDA:171,11,1,0
BRDA:181,12,0,0
BRDA:181,12,1,0
BRDA:186,13,0,0
BRDA:186,13,1,0
BRDA:187,14,0,0
BRDA:187,14,1,0
BRF:37
BRH:0
end_of_record
TN:
SF:/Users/prancky/Downloads/freight-hub-app/src/component/reusable/header/index.js
FN:5,Header
FNF:1
FNH:0
FNDA:0,Header
DA:6,0
LF:1
LH:0
BRF:0
BRH:0
end_of_record
TN:
SF:/Users/prancky/Downloads/freight-hub-app/src/containers/detail.js
FN:10,(anonymous_0)
FN:13,(anonymous_1)
FN:15,(anonymous_2)
FN:21,(anonymous_3)
FN:34,(anonymous_4)
FN:46,(anonymous_5)
FN:50,(anonymous_6)
FN:51,(anonymous_7)
FNF:8
FNH:0
FNDA:0,(anonymous_0)
FNDA:0,(anonymous_1)
FNDA:0,(anonymous_2)
FNDA:0,(anonymous_3)
FNDA:0,(anonymous_4)
FNDA:0,(anonymous_5)
FNDA:0,(anonymous_6)
FNDA:0,(anonymous_7)
DA:10,3
DA:11,0
DA:13,0
DA:14,0
DA:15,0
DA:16,0
DA:17,0
DA:18,0
DA:21,0
DA:22,0
DA:25,0
DA:35,0
DA:46,3
DA:50,3
DA:51,0
LF:15
LH:3
BRDA:40,0,0,0
BRDA:40,0,1,0
BRF:2
BRH:0
end_of_record
TN:
SF:/Users/prancky/Downloads/freight-hub-app/src/containers/home.js
FN:19,(anonymous_0)
FN:24,(anonymous_1)
FN:43,(anonymous_2)
FN:61,(anonymous_3)
FN:65,(anonymous_4)
FN:66,(anonymous_5)
FNF:6
FNH:0
FNDA:0,(anonymous_0)
FNDA:0,(anonymous_1)
FNDA:0,(anonymous_2)
FNDA:0,(anonymous_3)
FNDA:0,(anonymous_4)
FNDA:0,(anonymous_5)
DA:19,3
DA:20,0
DA:21,0
DA:22,0
DA:24,0
DA:25,0
DA:28,0
DA:29,0
DA:32,0
DA:33,0
DA:37,0
DA:44,0
DA:61,3
DA:65,3
DA:66,0
LF:15
LH:3
BRDA:25,0,0,0
BRDA:25,0,1,0
BRDA:26,1,0,0
BRDA:26,1,1,0
BRDA:26,1,2,0
BRDA:32,2,0,0
BRDA:32,2,1,0
BRDA:47,3,0,0
BRDA:47,3,1,0
BRDA:47,3,2,0
BRF:10
BRH:0
end_of_record
TN:
SF:/Users/prancky/Downloads/freight-hub-app/src/containers/index.js
FNF:0
FNH:0
LF:0
LH:0
BRF:0
BRH:0
end_of_record
TN:
SF:/Users/prancky/Downloads/freight-hub-app/src/containers/invalid.js
FN:7,(anonymous_0)
FNF:1
FNH:1
FNDA:1,(anonymous_0)
DA:7,3
DA:9,1
LF:2
LH:2
BRF:0
BRH:0
end_of_record
TN:
SF:/Users/prancky/Downloads/freight-hub-app/src/navigation/routes.js
FN:5,(anonymous_0)
FNF:1
FNH:1
FNDA:1,(anonymous_0)
DA:6,1
LF:1
LH:1
BRF:0
BRH:0
end_of_record
TN:
SF:/Users/prancky/Downloads/freight-hub-app/src/redux/action-creator/shipment.js
FN:4,(anonymous_0)
FN:4,(anonymous_1)
FN:5,(anonymous_2)
FN:6,(anonymous_3)
FN:9,(anonymous_4)
FNF:5
FNH:4
FNDA:1,(anonymous_0)
FNDA:1,(anonymous_1)
FNDA:1,(anonymous_2)
FNDA:1,(anonymous_3)
FNDA:0,(anonymous_4)
DA:4,4
DA:5,1
DA:7,1
DA:10,0
LF:4
LH:3
BRF:0
BRH:0
end_of_record
TN:
SF:/Users/prancky/Downloads/freight-hub-app/src/redux/actions/shipmentAction.js
FN:3,(anonymous_0)
FN:3,(anonymous_1)
FNF:2
FNH:2
FNDA:2,(anonymous_0)
FNDA:2,(anonymous_1)
DA:3,6
DA:4,2
LF:2
LH:2
BRF:0
BRH:0
end_of_record
TN:
SF:/Users/prancky/Downloads/freight-hub-app/src/redux/api/shipment.js
FN:7,(anonymous_0)
FNF:1
FNH:1
FNDA:1,(anonymous_0)
DA:7,4
DA:9,1
LF:2
LH:2
BRF:0
BRH:0
end_of_record
TN:
SF:/Users/prancky/Downloads/freight-hub-app/src/redux/reducer/index.js
FN:9,(anonymous_0)
FNF:1
FNH:1
FNDA:1,(anonymous_0)
DA:5,1
DA:9,1
DA:10,1
LF:3
LH:3
BRF:0
BRH:0
end_of_record
TN:
SF:/Users/prancky/Downloads/freight-hub-app/src/redux/reducer/shipmentReducer.js
FN:7,(anonymous_0)
FNF:1
FNH:1
FNDA:5,(anonymous_0)
DA:3,2
DA:8,5
DA:10,1
DA:12,4
LF:4
LH:4
BRDA:7,0,0,5
BRDA:8,1,0,1
BRDA:8,1,1,4
BRF:3
BRH:3
end_of_record
TN:
SF:/Users/prancky/Downloads/freight-hub-app/src/redux/types/index.js
FNF:0
FNH:0
DA:1,8
DA:2,8
DA:3,8
LF:3
LH:3
BRF:0
BRH:0
end_of_record
